  imgui.cpp
  imgui_demo.cpp
  imgui_draw.cpp
  imgui_impl_dx11.cpp
  imgui_impl_win32.cpp
  imgui_widgets.cpp
  kiero.cpp
  main.cpp
  Cache.cpp
  Data.cpp
  Callback.cpp
  Class.cpp
  String.cpp
  Thread.cpp
  Resolver.cpp
  Camera.cpp
  Component.cpp
  GameObject.cpp
  LayerMask.cpp
  Object.cpp
  Generating Code...
  Compiling...
  Rigidbody.cpp
  Transform.cpp
  _TEMPLATE_API.cpp
  Obfuscators.cpp
  Helper.cpp
  Generating Code...
  buffer.c
  hde32.c
  hde64.c
  hook.c
  trampoline.c
  Generating Code...
  ImGui DirectX 11 Kiero Hook.vcxproj -> C:\Users\F\source\repos\ImGui-DirectX-11-Kiero-Hook\Debug\ImGui DirectX 11 Kiero Hook.dll
  'pwsh.exe' is not recognized as an internal or external command,
  operable program or batch file.
