c:\users\f\source\repos\imgui-directx-11-kiero-hook\imgui directx 11 kiero hook\x64\debug\vc143.pdb
c:\users\f\source\repos\imgui-directx-11-kiero-hook\imgui directx 11 kiero hook\x64\debug\vc143.idb
c:\users\f\source\repos\imgui-directx-11-kiero-hook\imgui directx 11 kiero hook\x64\debug\object.obj
c:\users\f\source\repos\imgui-directx-11-kiero-hook\imgui directx 11 kiero hook\x64\debug\layermask.obj
c:\users\f\source\repos\imgui-directx-11-kiero-hook\imgui directx 11 kiero hook\x64\debug\gameobject.obj
c:\users\f\source\repos\imgui-directx-11-kiero-hook\imgui directx 11 kiero hook\x64\debug\component.obj
c:\users\f\source\repos\imgui-directx-11-kiero-hook\imgui directx 11 kiero hook\x64\debug\camera.obj
c:\users\f\source\repos\imgui-directx-11-kiero-hook\imgui directx 11 kiero hook\x64\debug\resolver.obj
c:\users\f\source\repos\imgui-directx-11-kiero-hook\imgui directx 11 kiero hook\x64\debug\thread.obj
c:\users\f\source\repos\imgui-directx-11-kiero-hook\imgui directx 11 kiero hook\x64\debug\string.obj
c:\users\f\source\repos\imgui-directx-11-kiero-hook\imgui directx 11 kiero hook\x64\debug\class.obj
c:\users\f\source\repos\imgui-directx-11-kiero-hook\imgui directx 11 kiero hook\x64\debug\callback.obj
c:\users\f\source\repos\imgui-directx-11-kiero-hook\imgui directx 11 kiero hook\x64\debug\data.obj
c:\users\f\source\repos\imgui-directx-11-kiero-hook\imgui directx 11 kiero hook\x64\debug\cache.obj
c:\users\f\source\repos\imgui-directx-11-kiero-hook\imgui directx 11 kiero hook\x64\debug\main.obj
c:\users\f\source\repos\imgui-directx-11-kiero-hook\imgui directx 11 kiero hook\x64\debug\kiero.obj
c:\users\f\source\repos\imgui-directx-11-kiero-hook\imgui directx 11 kiero hook\x64\debug\imgui_widgets.obj
c:\users\f\source\repos\imgui-directx-11-kiero-hook\imgui directx 11 kiero hook\x64\debug\imgui_impl_win32.obj
c:\users\f\source\repos\imgui-directx-11-kiero-hook\imgui directx 11 kiero hook\x64\debug\imgui_impl_dx11.obj
c:\users\f\source\repos\imgui-directx-11-kiero-hook\imgui directx 11 kiero hook\x64\debug\imgui_draw.obj
c:\users\f\source\repos\imgui-directx-11-kiero-hook\imgui directx 11 kiero hook\x64\debug\imgui_demo.obj
c:\users\f\source\repos\imgui-directx-11-kiero-hook\imgui directx 11 kiero hook\x64\debug\imgui.obj
c:\users\f\source\repos\imgui-directx-11-kiero-hook\imgui directx 11 kiero hook\x64\debug\vec.obj
c:\users\f\source\repos\imgui-directx-11-kiero-hook\imgui directx 11 kiero hook\x64\debug\helper.obj
c:\users\f\source\repos\imgui-directx-11-kiero-hook\imgui directx 11 kiero hook\x64\debug\obfuscators.obj
c:\users\f\source\repos\imgui-directx-11-kiero-hook\imgui directx 11 kiero hook\x64\debug\_template_api.obj
c:\users\f\source\repos\imgui-directx-11-kiero-hook\imgui directx 11 kiero hook\x64\debug\transform.obj
c:\users\f\source\repos\imgui-directx-11-kiero-hook\imgui directx 11 kiero hook\x64\debug\rigidbody.obj
c:\users\f\source\repos\imgui-directx-11-kiero-hook\imgui directx 11 kiero hook\x64\debug\trampoline.obj
c:\users\f\source\repos\imgui-directx-11-kiero-hook\imgui directx 11 kiero hook\x64\debug\hook.obj
c:\users\f\source\repos\imgui-directx-11-kiero-hook\imgui directx 11 kiero hook\x64\debug\hde64.obj
c:\users\f\source\repos\imgui-directx-11-kiero-hook\imgui directx 11 kiero hook\x64\debug\hde32.obj
c:\users\f\source\repos\imgui-directx-11-kiero-hook\imgui directx 11 kiero hook\x64\debug\buffer.obj
c:\users\f\source\repos\imgui-directx-11-kiero-hook\imgui directx 11 kiero hook\x64\debug\minhook.res
c:\users\f\source\repos\imgui-directx-11-kiero-hook\x64\debug\imgui directx 11 kiero hook.dll
c:\users\f\source\repos\imgui-directx-11-kiero-hook\imgui directx 11 kiero hook\x64\debug\imgui di.04b17470.tlog\cl.command.1.tlog
c:\users\f\source\repos\imgui-directx-11-kiero-hook\imgui directx 11 kiero hook\x64\debug\imgui di.04b17470.tlog\cl.read.1.tlog
c:\users\f\source\repos\imgui-directx-11-kiero-hook\imgui directx 11 kiero hook\x64\debug\imgui di.04b17470.tlog\cl.write.1.tlog
c:\users\f\source\repos\imgui-directx-11-kiero-hook\imgui directx 11 kiero hook\x64\debug\imgui di.04b17470.tlog\link.command.1.tlog
c:\users\f\source\repos\imgui-directx-11-kiero-hook\imgui directx 11 kiero hook\x64\debug\imgui di.04b17470.tlog\link.read.1.tlog
c:\users\f\source\repos\imgui-directx-11-kiero-hook\imgui directx 11 kiero hook\x64\debug\imgui di.04b17470.tlog\link.write.1.tlog
c:\users\f\source\repos\imgui-directx-11-kiero-hook\imgui directx 11 kiero hook\x64\debug\imgui di.04b17470.tlog\rc.command.1.tlog
c:\users\f\source\repos\imgui-directx-11-kiero-hook\imgui directx 11 kiero hook\x64\debug\imgui di.04b17470.tlog\rc.read.1.tlog
c:\users\f\source\repos\imgui-directx-11-kiero-hook\imgui directx 11 kiero hook\x64\debug\imgui di.04b17470.tlog\rc.write.1.tlog
